2021-08-10 14:36:45.511  INFO 15688 --- [main] c.b.brboot.SpringBootStartApplication    : Starting SpringBootStartApplication using Java 1.8.0_211 on DESKTOP-ISTJHG4 with PID 15688 (D:\IdeaProjects\brboot\br-web\target\classes started by Administrator in D:\IdeaProjects\brboot)
2021-08-10 14:36:45.528 DEBUG 15688 --- [main] c.b.brboot.SpringBootStartApplication    : Running with Spring Boot v2.5.3, Spring v5.3.9
2021-08-10 14:36:45.528  INFO 15688 --- [main] c.b.brboot.SpringBootStartApplication    : The following profiles are active: dev
2021-08-10 14:36:46.110  INFO 15688 --- [main] .s.d.r.c.RepositoryConfigurationDelegate : Multiple Spring Data modules found, entering strict repository configuration mode!
2021-08-10 14:36:46.110  INFO 15688 --- [main] .s.d.r.c.RepositoryConfigurationDelegate : Bootstrapping Spring Data JPA repositories in DEFAULT mode.
2021-08-10 14:36:46.179  INFO 15688 --- [main] .s.d.r.c.RepositoryConfigurationDelegate : Finished Spring Data repository scanning in 59 ms. Found 2 JPA repository interfaces.
2021-08-10 14:36:46.375  INFO 15688 --- [main] .s.d.r.c.RepositoryConfigurationDelegate : Multiple Spring Data modules found, entering strict repository configuration mode!
2021-08-10 14:36:46.376  INFO 15688 --- [main] .s.d.r.c.RepositoryConfigurationDelegate : Bootstrapping Spring Data Redis repositories in DEFAULT mode.
2021-08-10 14:36:46.401  INFO 15688 --- [main] .RepositoryConfigurationExtensionSupport : Spring Data Redis - Could not safely identify store assignment for repository candidate interface com.boransolution.brboot.dao.IDeptDAO. If you want this repository to be a Redis repository, consider annotating your entities with one of these annotations: org.springframework.data.redis.core.RedisHash (preferred), or consider extending one of the following types with your repository: org.springframework.data.keyvalue.repository.KeyValueRepository.
2021-08-10 14:36:46.402  INFO 15688 --- [main] .RepositoryConfigurationExtensionSupport : Spring Data Redis - Could not safely identify store assignment for repository candidate interface com.boransolution.brboot.dao.IUserDAO. If you want this repository to be a Redis repository, consider annotating your entities with one of these annotations: org.springframework.data.redis.core.RedisHash (preferred), or consider extending one of the following types with your repository: org.springframework.data.keyvalue.repository.KeyValueRepository.
2021-08-10 14:36:46.402  INFO 15688 --- [main] .s.d.r.c.RepositoryConfigurationDelegate : Finished Spring Data repository scanning in 16 ms. Found 0 Redis repository interfaces.
2021-08-10 14:36:46.603  INFO 15688 --- [main] trationDelegate$BeanPostProcessorChecker : Bean 'org.apache.shiro.spring.boot.autoconfigure.ShiroBeanAutoConfiguration' of type [org.apache.shiro.spring.boot.autoconfigure.ShiroBeanAutoConfiguration$$EnhancerBySpringCGLIB$$361b21c] is not eligible for getting processed by all BeanPostProcessors (for example: not eligible for auto-proxying)
2021-08-10 14:36:46.628  INFO 15688 --- [main] trationDelegate$BeanPostProcessorChecker : Bean 'org.apache.shiro.spring.boot.autoconfigure.ShiroAnnotationProcessorAutoConfiguration' of type [org.apache.shiro.spring.boot.autoconfigure.ShiroAnnotationProcessorAutoConfiguration$$EnhancerBySpringCGLIB$$5f4f0c1] is not eligible for getting processed by all BeanPostProcessors (for example: not eligible for auto-proxying)
2021-08-10 14:36:46.778  INFO 15688 --- [main] trationDelegate$BeanPostProcessorChecker : Bean 'shiroConfig' of type [com.boransolution.brboot.config.ShiroConfig$$EnhancerBySpringCGLIB$$2d29c3b4] is not eligible for getting processed by all BeanPostProcessors (for example: not eligible for auto-proxying)
2021-08-10 14:36:46.793  INFO 15688 --- [main] trationDelegate$BeanPostProcessorChecker : Bean 'getRealm' of type [com.boransolution.brboot.realms.CustomerRealm] is not eligible for getting processed by all BeanPostProcessors (for example: not eligible for auto-proxying)
2021-08-10 14:36:47.142  INFO 15688 --- [main] trationDelegate$BeanPostProcessorChecker : Bean 'getDefaultWebSecurityManager' of type [org.apache.shiro.web.mgt.DefaultWebSecurityManager] is not eligible for getting processed by all BeanPostProcessors (for example: not eligible for auto-proxying)
2021-08-10 14:36:47.167  INFO 15688 --- [main] trationDelegate$BeanPostProcessorChecker : Bean 'authorizationAttributeSourceAdvisor' of type [org.apache.shiro.spring.security.interceptor.AuthorizationAttributeSourceAdvisor] is not eligible for getting processed by all BeanPostProcessors (for example: not eligible for auto-proxying)
2021-08-10 14:36:47.184  INFO 15688 --- [main] trationDelegate$BeanPostProcessorChecker : Bean 'eventBus' of type [org.apache.shiro.event.support.DefaultEventBus] is not eligible for getting processed by all BeanPostProcessors (for example: not eligible for auto-proxying)
2021-08-10 14:36:47.470  INFO 15688 --- [main] o.s.b.w.embedded.tomcat.TomcatWebServer  : Tomcat initialized with port(s): 7070 (http)
2021-08-10 14:36:47.479  INFO 15688 --- [main] o.apache.catalina.core.StandardService   : Starting service [Tomcat]
2021-08-10 14:36:47.479  INFO 15688 --- [main] org.apache.catalina.core.StandardEngine  : Starting Servlet engine: [Apache Tomcat/9.0.50]
2021-08-10 14:36:47.564  INFO 15688 --- [main] o.a.c.c.C.[Tomcat].[localhost].[/br]     : Initializing Spring embedded WebApplicationContext
2021-08-10 14:36:47.564  INFO 15688 --- [main] w.s.c.ServletWebServerApplicationContext : Root WebApplicationContext: initialization completed in 1985 ms
2021-08-10 14:36:47.742  INFO 15688 --- [main] o.hibernate.jpa.internal.util.LogHelper  : HHH000204: Processing PersistenceUnitInfo [name: default]
2021-08-10 14:36:47.810  INFO 15688 --- [main] org.hibernate.Version                    : HHH000412: Hibernate ORM core version 5.4.32.Final
2021-08-10 14:36:47.943  WARN 15688 --- [main] org.hibernate.orm.deprecation            : HHH020100: The Ehcache second-level cache provider for Hibernate is deprecated.  See https://hibernate.atlassian.net/browse/HHH-12441 for details.
2021-08-10 14:36:47.958  INFO 15688 --- [main] o.hibernate.annotations.common.Version   : HCANN000001: Hibernate Commons Annotations {5.1.2.Final}
2021-08-10 14:36:48.080  INFO 15688 --- [main] com.zaxxer.hikari.HikariDataSource       : HikariPool-1 - Starting...
2021-08-10 14:36:48.270  INFO 15688 --- [main] com.zaxxer.hikari.HikariDataSource       : HikariPool-1 - Start completed.
2021-08-10 14:36:48.293  INFO 15688 --- [main] org.hibernate.dialect.Dialect            : HHH000400: Using dialect: org.hibernate.dialect.MySQL8Dialect
2021-08-10 14:36:48.572  WARN 15688 --- [main] n.s.ehcache.config.ConfigurationFactory  : No configuration found. Configuring ehcache from ehcache-failsafe.xml  found in the classpath: jar:file:/D:/developer/apache-maven-3.6.1/repo/net/sf/ehcache/ehcache/2.10.9.2/ehcache-2.10.9.2.jar!/ehcache-failsafe.xml
2021-08-10 14:36:48.674  WARN 15688 --- [main] org.hibernate.orm.cache                  : HHH90001006: Missing cache[default-update-timestamps-region] was created on-the-fly. The created cache will use a provider-specific default configuration: make sure you defined one. You can disable this warning by setting 'hibernate.cache.ehcache.missing_cache_strategy' to 'create'.
2021-08-10 14:36:48.745  WARN 15688 --- [main] org.hibernate.orm.cache                  : HHH90001006: Missing cache[default-query-results-region] was created on-the-fly. The created cache will use a provider-specific default configuration: make sure you defined one. You can disable this warning by setting 'hibernate.cache.ehcache.missing_cache_strategy' to 'create'.
2021-08-10 14:36:48.821  WARN 15688 --- [main] org.hibernate.orm.cache                  : HHH90001006: Missing cache[com.boransolution.brboot.po.Dept] was created on-the-fly. The created cache will use a provider-specific default configuration: make sure you defined one. You can disable this warning by setting 'hibernate.cache.ehcache.missing_cache_strategy' to 'create'.
2021-08-10 14:36:48.829  WARN 15688 --- [main] org.hibernate.orm.cache                  : HHH90001006: Missing cache[com.boransolution.brboot.po.FndUser] was created on-the-fly. The created cache will use a provider-specific default configuration: make sure you defined one. You can disable this warning by setting 'hibernate.cache.ehcache.missing_cache_strategy' to 'create'.
2021-08-10 14:36:49.183  INFO 15688 --- [main] o.h.e.t.j.p.i.JtaPlatformInitiator       : HHH000490: Using JtaPlatform implementation: [org.hibernate.engine.transaction.jta.platform.internal.NoJtaPlatform]
2021-08-10 14:36:49.194  INFO 15688 --- [main] j.LocalContainerEntityManagerFactoryBean : Initialized JPA EntityManagerFactory for persistence unit 'default'
2021-08-10 14:36:50.337  WARN 15688 --- [main] JpaBaseConfiguration$JpaWebConfiguration : spring.jpa.open-in-view is enabled by default. Therefore, database queries may be performed during view rendering. Explicitly configure spring.jpa.open-in-view to disable this warning
2021-08-10 14:36:50.741  WARN 15688 --- [main] ion$DefaultTemplateResolverConfiguration : Cannot find template location: classpath:/templates/ (please add some templates or check your Thymeleaf configuration)
2021-08-10 14:36:51.243  INFO 15688 --- [main] o.s.b.w.embedded.tomcat.TomcatWebServer  : Tomcat started on port(s): 7070 (http) with context path '/br'
2021-08-10 14:36:51.245  INFO 15688 --- [main] o.s.a.r.c.CachingConnectionFactory       : Attempting to connect to: [127.0.0.1:5672]
2021-08-10 14:36:51.280  INFO 15688 --- [main] o.s.a.r.c.CachingConnectionFactory       : Created new connection: rabbitConnectionFactory#38e052b2:0/SimpleConnection@11d474a [delegate=amqp://guest@127.0.0.1:5672/, localPort= 59412]
2021-08-10 14:36:51.284  INFO 15688 --- [main] o.s.amqp.rabbit.core.RabbitAdmin         : Auto-declaring a non-durable or auto-delete Exchange (com.boransolution.exchange) durable:true, auto-delete:true. It will be deleted by the broker if it shuts down, and can be redeclared by closing and reopening the connection.
2021-08-10 14:36:51.336  INFO 15688 --- [main] c.b.brboot.SpringBootStartApplication    : Started SpringBootStartApplication in 6.313 seconds (JVM running for 7.363)
2021-08-10 14:36:54.095  INFO 15688 --- [SpringApplicationShutdownHook] o.s.a.r.l.SimpleMessageListenerContainer : Waiting for workers to finish.
2021-08-10 14:36:54.376  INFO 15688 --- [SpringApplicationShutdownHook] o.s.a.r.l.SimpleMessageListenerContainer : Successfully waited for workers to finish.
2021-08-10 14:36:54.557  INFO 15688 --- [SpringApplicationShutdownHook] j.LocalContainerEntityManagerFactoryBean : Closing JPA EntityManagerFactory for persistence unit 'default'
2021-08-10 14:36:54.569  INFO 15688 --- [SpringApplicationShutdownHook] com.zaxxer.hikari.HikariDataSource       : HikariPool-1 - Shutdown initiated...
2021-08-10 14:36:54.572  INFO 15688 --- [SpringApplicationShutdownHook] com.zaxxer.hikari.HikariDataSource       : HikariPool-1 - Shutdown completed.
