2021-07-24 15:08:31.832  INFO 3088 --- [main] c.b.brboot.test.TestRedisTemplate        : Starting TestRedisTemplate using Java 1.8.0_211 on DESKTOP-ISTJHG4 with PID 3088 (started by Administrator in D:\IdeaProjects\brboot\br-web)
2021-07-24 15:08:31.833 DEBUG 3088 --- [main] c.b.brboot.test.TestRedisTemplate        : Running with Spring Boot v2.5.2, Spring v5.3.8
2021-07-24 15:08:31.833  INFO 3088 --- [main] c.b.brboot.test.TestRedisTemplate        : The following profiles are active: dev
2021-07-24 15:08:32.855  INFO 3088 --- [main] .s.d.r.c.RepositoryConfigurationDelegate : Multiple Spring Data modules found, entering strict repository configuration mode!
2021-07-24 15:08:32.856  INFO 3088 --- [main] .s.d.r.c.RepositoryConfigurationDelegate : Bootstrapping Spring Data JPA repositories in DEFAULT mode.
2021-07-24 15:08:33.234  INFO 3088 --- [main] .s.d.r.c.RepositoryConfigurationDelegate : Finished Spring Data repository scanning in 363 ms. Found 1 JPA repository interfaces.
2021-07-24 15:08:33.499  INFO 3088 --- [main] .s.d.r.c.RepositoryConfigurationDelegate : Multiple Spring Data modules found, entering strict repository configuration mode!
2021-07-24 15:08:33.500  INFO 3088 --- [main] .s.d.r.c.RepositoryConfigurationDelegate : Bootstrapping Spring Data Redis repositories in DEFAULT mode.
2021-07-24 15:08:33.522  INFO 3088 --- [main] .RepositoryConfigurationExtensionSupport : Spring Data Redis - Could not safely identify store assignment for repository candidate interface com.boransolution.brboot.dao.IDeptDAO. If you want this repository to be a Redis repository, consider annotating your entities with one of these annotations: org.springframework.data.redis.core.RedisHash (preferred), or consider extending one of the following types with your repository: org.springframework.data.keyvalue.repository.KeyValueRepository.
2021-07-24 15:08:33.522  INFO 3088 --- [main] .s.d.r.c.RepositoryConfigurationDelegate : Finished Spring Data repository scanning in 13 ms. Found 0 Redis repository interfaces.
2021-07-24 15:08:34.567  INFO 3088 --- [main] o.hibernate.jpa.internal.util.LogHelper  : HHH000204: Processing PersistenceUnitInfo [name: default]
2021-07-24 15:08:34.699  INFO 3088 --- [main] org.hibernate.Version                    : HHH000412: Hibernate ORM core version 5.4.32.Final
2021-07-24 15:08:34.941  WARN 3088 --- [main] org.hibernate.orm.deprecation            : HHH020100: The Ehcache second-level cache provider for Hibernate is deprecated.  See https://hibernate.atlassian.net/browse/HHH-12441 for details.
2021-07-24 15:08:34.961  INFO 3088 --- [main] o.hibernate.annotations.common.Version   : HCANN000001: Hibernate Commons Annotations {5.1.2.Final}
2021-07-24 15:08:35.353  INFO 3088 --- [main] com.zaxxer.hikari.HikariDataSource       : HikariPool-1 - Starting...
2021-07-24 15:08:36.062  INFO 3088 --- [main] com.zaxxer.hikari.HikariDataSource       : HikariPool-1 - Start completed.
2021-07-24 15:08:36.124  INFO 3088 --- [main] org.hibernate.dialect.Dialect            : HHH000400: Using dialect: org.hibernate.dialect.MySQL8Dialect
2021-07-24 15:08:36.615  WARN 3088 --- [main] n.s.ehcache.config.ConfigurationFactory  : No configuration found. Configuring ehcache from ehcache-failsafe.xml  found in the classpath: jar:file:/D:/developer/apache-maven-3.6.1/repo/net/sf/ehcache/ehcache/2.10.9.2/ehcache-2.10.9.2.jar!/ehcache-failsafe.xml
2021-07-24 15:08:36.777  WARN 3088 --- [main] org.hibernate.orm.cache                  : HHH90001006: Missing cache[default-update-timestamps-region] was created on-the-fly. The created cache will use a provider-specific default configuration: make sure you defined one. You can disable this warning by setting 'hibernate.cache.ehcache.missing_cache_strategy' to 'create'.
2021-07-24 15:08:36.866  WARN 3088 --- [main] org.hibernate.orm.cache                  : HHH90001006: Missing cache[default-query-results-region] was created on-the-fly. The created cache will use a provider-specific default configuration: make sure you defined one. You can disable this warning by setting 'hibernate.cache.ehcache.missing_cache_strategy' to 'create'.
2021-07-24 15:08:36.955  WARN 3088 --- [main] org.hibernate.orm.cache                  : HHH90001006: Missing cache[com.boransolution.brboot.po.Dept] was created on-the-fly. The created cache will use a provider-specific default configuration: make sure you defined one. You can disable this warning by setting 'hibernate.cache.ehcache.missing_cache_strategy' to 'create'.
2021-07-24 15:08:37.548  INFO 3088 --- [main] o.h.e.t.j.p.i.JtaPlatformInitiator       : HHH000490: Using JtaPlatform implementation: [org.hibernate.engine.transaction.jta.platform.internal.NoJtaPlatform]
2021-07-24 15:08:37.560  INFO 3088 --- [main] j.LocalContainerEntityManagerFactoryBean : Initialized JPA EntityManagerFactory for persistence unit 'default'
2021-07-24 15:08:40.504  WARN 3088 --- [main] JpaBaseConfiguration$JpaWebConfiguration : spring.jpa.open-in-view is enabled by default. Therefore, database queries may be performed during view rendering. Explicitly configure spring.jpa.open-in-view to disable this warning
2021-07-24 15:08:42.612  WARN 3088 --- [main] ion$DefaultTemplateResolverConfiguration : Cannot find template location: classpath:/templates/ (please add some templates or check your Thymeleaf configuration)
2021-07-24 15:08:43.585  INFO 3088 --- [main] o.s.a.r.c.CachingConnectionFactory       : Attempting to connect to: [127.0.0.1:5672]
2021-07-24 15:08:43.761  INFO 3088 --- [main] o.s.a.r.c.CachingConnectionFactory       : Created new connection: rabbitConnectionFactory#58189132:0/SimpleConnection@5d3c0735 [delegate=amqp://guest@127.0.0.1:5672/, localPort= 52176]
2021-07-24 15:08:43.770  INFO 3088 --- [main] o.s.amqp.rabbit.core.RabbitAdmin         : Auto-declaring a non-durable or auto-delete Exchange (com.boransolution.exchange) durable:true, auto-delete:true. It will be deleted by the broker if it shuts down, and can be redeclared by closing and reopening the connection.
2021-07-24 15:08:43.888  INFO 3088 --- [main] c.b.brboot.test.TestRedisTemplate        : Started TestRedisTemplate in 12.647 seconds (JVM running for 14.333)
2021-07-24 15:08:44.839  INFO 3088 --- [SpringApplicationShutdownHook] o.s.a.r.l.SimpleMessageListenerContainer : Waiting for workers to finish.
2021-07-24 15:08:44.893  INFO 3088 --- [SpringApplicationShutdownHook] o.s.a.r.l.SimpleMessageListenerContainer : Successfully waited for workers to finish.
2021-07-24 15:08:45.036  INFO 3088 --- [SpringApplicationShutdownHook] j.LocalContainerEntityManagerFactoryBean : Closing JPA EntityManagerFactory for persistence unit 'default'
2021-07-24 15:08:45.057  INFO 3088 --- [SpringApplicationShutdownHook] com.zaxxer.hikari.HikariDataSource       : HikariPool-1 - Shutdown initiated...
2021-07-24 15:08:45.071  INFO 3088 --- [SpringApplicationShutdownHook] com.zaxxer.hikari.HikariDataSource       : HikariPool-1 - Shutdown completed.
2021-07-24 15:09:46.216  INFO 19792 --- [main] c.b.brboot.test.TestRedisDistributeLock  : Starting TestRedisDistributeLock using Java 1.8.0_211 on DESKTOP-ISTJHG4 with PID 19792 (started by Administrator in D:\IdeaProjects\brboot\br-web)
2021-07-24 15:09:46.218 DEBUG 19792 --- [main] c.b.brboot.test.TestRedisDistributeLock  : Running with Spring Boot v2.5.2, Spring v5.3.8
2021-07-24 15:09:46.218  INFO 19792 --- [main] c.b.brboot.test.TestRedisDistributeLock  : The following profiles are active: dev
2021-07-24 15:09:47.044  INFO 19792 --- [main] .s.d.r.c.RepositoryConfigurationDelegate : Multiple Spring Data modules found, entering strict repository configuration mode!
2021-07-24 15:09:47.045  INFO 19792 --- [main] .s.d.r.c.RepositoryConfigurationDelegate : Bootstrapping Spring Data JPA repositories in DEFAULT mode.
2021-07-24 15:09:47.312  INFO 19792 --- [main] .s.d.r.c.RepositoryConfigurationDelegate : Finished Spring Data repository scanning in 253 ms. Found 1 JPA repository interfaces.
2021-07-24 15:09:47.599  INFO 19792 --- [main] .s.d.r.c.RepositoryConfigurationDelegate : Multiple Spring Data modules found, entering strict repository configuration mode!
2021-07-24 15:09:47.601  INFO 19792 --- [main] .s.d.r.c.RepositoryConfigurationDelegate : Bootstrapping Spring Data Redis repositories in DEFAULT mode.
2021-07-24 15:09:47.634  INFO 19792 --- [main] .RepositoryConfigurationExtensionSupport : Spring Data Redis - Could not safely identify store assignment for repository candidate interface com.boransolution.brboot.dao.IDeptDAO. If you want this repository to be a Redis repository, consider annotating your entities with one of these annotations: org.springframework.data.redis.core.RedisHash (preferred), or consider extending one of the following types with your repository: org.springframework.data.keyvalue.repository.KeyValueRepository.
2021-07-24 15:09:47.635  INFO 19792 --- [main] .s.d.r.c.RepositoryConfigurationDelegate : Finished Spring Data repository scanning in 22 ms. Found 0 Redis repository interfaces.
2021-07-24 15:09:48.591  INFO 19792 --- [main] o.hibernate.jpa.internal.util.LogHelper  : HHH000204: Processing PersistenceUnitInfo [name: default]
2021-07-24 15:09:48.709  INFO 19792 --- [main] org.hibernate.Version                    : HHH000412: Hibernate ORM core version 5.4.32.Final
2021-07-24 15:09:48.943  WARN 19792 --- [main] org.hibernate.orm.deprecation            : HHH020100: The Ehcache second-level cache provider for Hibernate is deprecated.  See https://hibernate.atlassian.net/browse/HHH-12441 for details.
2021-07-24 15:09:48.970  INFO 19792 --- [main] o.hibernate.annotations.common.Version   : HCANN000001: Hibernate Commons Annotations {5.1.2.Final}
2021-07-24 15:09:49.434  INFO 19792 --- [main] com.zaxxer.hikari.HikariDataSource       : HikariPool-1 - Starting...
2021-07-24 15:09:50.011  INFO 19792 --- [main] com.zaxxer.hikari.HikariDataSource       : HikariPool-1 - Start completed.
2021-07-24 15:09:50.067  INFO 19792 --- [main] org.hibernate.dialect.Dialect            : HHH000400: Using dialect: org.hibernate.dialect.MySQL8Dialect
2021-07-24 15:09:50.480  WARN 19792 --- [main] n.s.ehcache.config.ConfigurationFactory  : No configuration found. Configuring ehcache from ehcache-failsafe.xml  found in the classpath: jar:file:/D:/developer/apache-maven-3.6.1/repo/net/sf/ehcache/ehcache/2.10.9.2/ehcache-2.10.9.2.jar!/ehcache-failsafe.xml
2021-07-24 15:09:50.614  WARN 19792 --- [main] org.hibernate.orm.cache                  : HHH90001006: Missing cache[default-update-timestamps-region] was created on-the-fly. The created cache will use a provider-specific default configuration: make sure you defined one. You can disable this warning by setting 'hibernate.cache.ehcache.missing_cache_strategy' to 'create'.
2021-07-24 15:09:50.691  WARN 19792 --- [main] org.hibernate.orm.cache                  : HHH90001006: Missing cache[default-query-results-region] was created on-the-fly. The created cache will use a provider-specific default configuration: make sure you defined one. You can disable this warning by setting 'hibernate.cache.ehcache.missing_cache_strategy' to 'create'.
2021-07-24 15:09:50.774  WARN 19792 --- [main] org.hibernate.orm.cache                  : HHH90001006: Missing cache[com.boransolution.brboot.po.Dept] was created on-the-fly. The created cache will use a provider-specific default configuration: make sure you defined one. You can disable this warning by setting 'hibernate.cache.ehcache.missing_cache_strategy' to 'create'.
2021-07-24 15:09:51.286  INFO 19792 --- [main] o.h.e.t.j.p.i.JtaPlatformInitiator       : HHH000490: Using JtaPlatform implementation: [org.hibernate.engine.transaction.jta.platform.internal.NoJtaPlatform]
2021-07-24 15:09:51.297  INFO 19792 --- [main] j.LocalContainerEntityManagerFactoryBean : Initialized JPA EntityManagerFactory for persistence unit 'default'
2021-07-24 15:09:52.956  WARN 19792 --- [main] JpaBaseConfiguration$JpaWebConfiguration : spring.jpa.open-in-view is enabled by default. Therefore, database queries may be performed during view rendering. Explicitly configure spring.jpa.open-in-view to disable this warning
2021-07-24 15:09:53.699  WARN 19792 --- [main] ion$DefaultTemplateResolverConfiguration : Cannot find template location: classpath:/templates/ (please add some templates or check your Thymeleaf configuration)
2021-07-24 15:09:54.396  INFO 19792 --- [main] o.s.a.r.c.CachingConnectionFactory       : Attempting to connect to: [127.0.0.1:5672]
2021-07-24 15:09:54.506  INFO 19792 --- [main] o.s.a.r.c.CachingConnectionFactory       : Created new connection: rabbitConnectionFactory#1ab717f3:0/SimpleConnection@204b1903 [delegate=amqp://guest@127.0.0.1:5672/, localPort= 52231]
2021-07-24 15:09:54.517  INFO 19792 --- [main] o.s.amqp.rabbit.core.RabbitAdmin         : Auto-declaring a non-durable or auto-delete Exchange (com.boransolution.exchange) durable:true, auto-delete:true. It will be deleted by the broker if it shuts down, and can be redeclared by closing and reopening the connection.
2021-07-24 15:09:54.602  INFO 19792 --- [main] c.b.brboot.test.TestRedisDistributeLock  : Started TestRedisDistributeLock in 9.012 seconds (JVM running for 10.108)
2021-07-24 15:12:26.576  WARN 19792 --- [HikariPool-1 housekeeper] com.zaxxer.hikari.pool.HikariPool        : HikariPool-1 - Thread starvation or clock leap detected (housekeeper delta=2m36s447ms837µs300ns).
2021-07-24 15:13:59.017  WARN 19792 --- [HikariPool-1 housekeeper] com.zaxxer.hikari.pool.HikariPool        : HikariPool-1 - Thread starvation or clock leap detected (housekeeper delta=1m32s441ms790µs700ns).
2021-07-24 15:15:16.617  INFO 19792 --- [SpringApplicationShutdownHook] o.s.a.r.l.SimpleMessageListenerContainer : Waiting for workers to finish.
2021-07-24 15:15:24.120  INFO 19792 --- [SpringApplicationShutdownHook] o.s.a.r.l.SimpleMessageListenerContainer : Workers not finished.
2021-07-24 15:15:49.780  WARN 19792 --- [SpringApplicationShutdownHook] o.s.a.r.l.SimpleMessageListenerContainer : Closing channel for unresponsive consumer: Consumer@7a273fd7: tags=[[amq.ctag-bYdDVyImTz8CYEmU4sPHXw]], channel=Cached Rabbit Channel: AMQChannel(amqp://guest@127.0.0.1:5672/,1), conn: Proxy@28833fff Shared Rabbit Connection: SimpleConnection@204b1903 [delegate=amqp://guest@127.0.0.1:5672/, localPort= 52231], acknowledgeMode=AUTO local queue size=0
2021-07-24 15:15:56.808  INFO 19792 --- [SpringApplicationShutdownHook] j.LocalContainerEntityManagerFactoryBean : Closing JPA EntityManagerFactory for persistence unit 'default'
2021-07-24 15:15:56.822  INFO 19792 --- [SpringApplicationShutdownHook] com.zaxxer.hikari.HikariDataSource       : HikariPool-1 - Shutdown initiated...
2021-07-24 15:15:56.829  INFO 19792 --- [SpringApplicationShutdownHook] com.zaxxer.hikari.HikariDataSource       : HikariPool-1 - Shutdown completed.
2021-07-24 15:16:51.443  INFO 15900 --- [main] c.b.brboot.test.TestRedisDistributeLock  : Starting TestRedisDistributeLock using Java 1.8.0_211 on DESKTOP-ISTJHG4 with PID 15900 (started by Administrator in D:\IdeaProjects\brboot\br-web)
2021-07-24 15:16:51.444 DEBUG 15900 --- [main] c.b.brboot.test.TestRedisDistributeLock  : Running with Spring Boot v2.5.2, Spring v5.3.8
2021-07-24 15:16:51.445  INFO 15900 --- [main] c.b.brboot.test.TestRedisDistributeLock  : The following profiles are active: dev
2021-07-24 15:16:52.256  INFO 15900 --- [main] .s.d.r.c.RepositoryConfigurationDelegate : Multiple Spring Data modules found, entering strict repository configuration mode!
2021-07-24 15:16:52.257  INFO 15900 --- [main] .s.d.r.c.RepositoryConfigurationDelegate : Bootstrapping Spring Data JPA repositories in DEFAULT mode.
2021-07-24 15:16:52.521  INFO 15900 --- [main] .s.d.r.c.RepositoryConfigurationDelegate : Finished Spring Data repository scanning in 251 ms. Found 1 JPA repository interfaces.
2021-07-24 15:16:52.771  INFO 15900 --- [main] .s.d.r.c.RepositoryConfigurationDelegate : Multiple Spring Data modules found, entering strict repository configuration mode!
2021-07-24 15:16:52.773  INFO 15900 --- [main] .s.d.r.c.RepositoryConfigurationDelegate : Bootstrapping Spring Data Redis repositories in DEFAULT mode.
2021-07-24 15:16:52.802  INFO 15900 --- [main] .RepositoryConfigurationExtensionSupport : Spring Data Redis - Could not safely identify store assignment for repository candidate interface com.boransolution.brboot.dao.IDeptDAO. If you want this repository to be a Redis repository, consider annotating your entities with one of these annotations: org.springframework.data.redis.core.RedisHash (preferred), or consider extending one of the following types with your repository: org.springframework.data.keyvalue.repository.KeyValueRepository.
2021-07-24 15:16:52.802  INFO 15900 --- [main] .s.d.r.c.RepositoryConfigurationDelegate : Finished Spring Data repository scanning in 17 ms. Found 0 Redis repository interfaces.
2021-07-24 15:16:53.722  INFO 15900 --- [main] o.hibernate.jpa.internal.util.LogHelper  : HHH000204: Processing PersistenceUnitInfo [name: default]
2021-07-24 15:16:53.803  INFO 15900 --- [main] org.hibernate.Version                    : HHH000412: Hibernate ORM core version 5.4.32.Final
2021-07-24 15:16:53.999  WARN 15900 --- [main] org.hibernate.orm.deprecation            : HHH020100: The Ehcache second-level cache provider for Hibernate is deprecated.  See https://hibernate.atlassian.net/browse/HHH-12441 for details.
2021-07-24 15:16:54.018  INFO 15900 --- [main] o.hibernate.annotations.common.Version   : HCANN000001: Hibernate Commons Annotations {5.1.2.Final}
2021-07-24 15:16:54.365  INFO 15900 --- [main] com.zaxxer.hikari.HikariDataSource       : HikariPool-1 - Starting...
2021-07-24 15:16:54.891  INFO 15900 --- [main] com.zaxxer.hikari.HikariDataSource       : HikariPool-1 - Start completed.
2021-07-24 15:16:54.944  INFO 15900 --- [main] org.hibernate.dialect.Dialect            : HHH000400: Using dialect: org.hibernate.dialect.MySQL8Dialect
2021-07-24 15:16:55.327  WARN 15900 --- [main] n.s.ehcache.config.ConfigurationFactory  : No configuration found. Configuring ehcache from ehcache-failsafe.xml  found in the classpath: jar:file:/D:/developer/apache-maven-3.6.1/repo/net/sf/ehcache/ehcache/2.10.9.2/ehcache-2.10.9.2.jar!/ehcache-failsafe.xml
2021-07-24 15:16:55.460  WARN 15900 --- [main] org.hibernate.orm.cache                  : HHH90001006: Missing cache[default-update-timestamps-region] was created on-the-fly. The created cache will use a provider-specific default configuration: make sure you defined one. You can disable this warning by setting 'hibernate.cache.ehcache.missing_cache_strategy' to 'create'.
2021-07-24 15:16:55.536  WARN 15900 --- [main] org.hibernate.orm.cache                  : HHH90001006: Missing cache[default-query-results-region] was created on-the-fly. The created cache will use a provider-specific default configuration: make sure you defined one. You can disable this warning by setting 'hibernate.cache.ehcache.missing_cache_strategy' to 'create'.
2021-07-24 15:16:55.618  WARN 15900 --- [main] org.hibernate.orm.cache                  : HHH90001006: Missing cache[com.boransolution.brboot.po.Dept] was created on-the-fly. The created cache will use a provider-specific default configuration: make sure you defined one. You can disable this warning by setting 'hibernate.cache.ehcache.missing_cache_strategy' to 'create'.
2021-07-24 15:16:56.230  INFO 15900 --- [main] o.h.e.t.j.p.i.JtaPlatformInitiator       : HHH000490: Using JtaPlatform implementation: [org.hibernate.engine.transaction.jta.platform.internal.NoJtaPlatform]
2021-07-24 15:16:56.243  INFO 15900 --- [main] j.LocalContainerEntityManagerFactoryBean : Initialized JPA EntityManagerFactory for persistence unit 'default'
2021-07-24 15:16:58.056  WARN 15900 --- [main] JpaBaseConfiguration$JpaWebConfiguration : spring.jpa.open-in-view is enabled by default. Therefore, database queries may be performed during view rendering. Explicitly configure spring.jpa.open-in-view to disable this warning
2021-07-24 15:16:58.865  WARN 15900 --- [main] ion$DefaultTemplateResolverConfiguration : Cannot find template location: classpath:/templates/ (please add some templates or check your Thymeleaf configuration)
2021-07-24 15:16:59.632  INFO 15900 --- [main] o.s.a.r.c.CachingConnectionFactory       : Attempting to connect to: [127.0.0.1:5672]
2021-07-24 15:16:59.748  INFO 15900 --- [main] o.s.a.r.c.CachingConnectionFactory       : Created new connection: rabbitConnectionFactory#567baa55:0/SimpleConnection@2d094add [delegate=amqp://guest@127.0.0.1:5672/, localPort= 52364]
2021-07-24 15:16:59.756  INFO 15900 --- [main] o.s.amqp.rabbit.core.RabbitAdmin         : Auto-declaring a non-durable or auto-delete Exchange (com.boransolution.exchange) durable:true, auto-delete:true. It will be deleted by the broker if it shuts down, and can be redeclared by closing and reopening the connection.
2021-07-24 15:16:59.885  INFO 15900 --- [main] c.b.brboot.test.TestRedisDistributeLock  : Started TestRedisDistributeLock in 9.084 seconds (JVM running for 10.051)
2021-07-24 15:17:20.042  INFO 15900 --- [SpringApplicationShutdownHook] o.s.a.r.l.SimpleMessageListenerContainer : Waiting for workers to finish.
2021-07-24 15:17:20.046  INFO 15900 --- [SpringApplicationShutdownHook] o.s.a.r.l.SimpleMessageListenerContainer : Successfully waited for workers to finish.
2021-07-24 15:17:20.173  INFO 15900 --- [SpringApplicationShutdownHook] j.LocalContainerEntityManagerFactoryBean : Closing JPA EntityManagerFactory for persistence unit 'default'
2021-07-24 15:17:20.186  INFO 15900 --- [SpringApplicationShutdownHook] com.zaxxer.hikari.HikariDataSource       : HikariPool-1 - Shutdown initiated...
2021-07-24 15:17:20.191  INFO 15900 --- [SpringApplicationShutdownHook] com.zaxxer.hikari.HikariDataSource       : HikariPool-1 - Shutdown completed.
